2025-10-21 03:20:19.203 +02:00 [INF] Executed DbCommand (4ms) [Parameters=[], CommandType='"Text"', CommandTimeout='30']
SELECT COUNT(*) FROM "sqlite_master" WHERE "type" = 'table' AND "rootpage" IS NOT NULL;
2025-10-21 03:20:19.290 +02:00 [INF] Executed DbCommand (0ms) [Parameters=[], CommandType='"Text"', CommandTimeout='30']
SELECT EXISTS (
    SELECT 1
    FROM "Quizzes" AS "q")
2025-10-21 03:20:19.322 +02:00 [INF] User profile is available. Using '/Users/oskarronningstad/.aspnet/DataProtection-Keys' as key repository; keys will not be encrypted at rest.
2025-10-21 03:20:19.344 +02:00 [INF] Now listening on: http://localhost:5214
2025-10-21 03:20:19.346 +02:00 [INF] Application started. Press Ctrl+C to shut down.
2025-10-21 03:20:19.346 +02:00 [INF] Hosting environment: Development
2025-10-21 03:20:19.346 +02:00 [INF] Content root path: /Users/oskarronningstad/dev/webapplikasjoner/exam_test/Oblig/oblig
2025-10-21 03:20:21.147 +02:00 [INF] Request starting HTTP/1.1 GET http://localhost:5214/ - null null
2025-10-21 03:20:21.152 +02:00 [WRN] Failed to determine the https port for redirect.
2025-10-21 03:20:21.159 +02:00 [INF] Executing endpoint 'oblig.Controllers.HomeController.Index (oblig)'
2025-10-21 03:20:21.163 +02:00 [INF] Route matched with {action = "Index", controller = "Home"}. Executing controller action with signature Microsoft.AspNetCore.Mvc.IActionResult Index() on controller oblig.Controllers.HomeController (oblig).
2025-10-21 03:20:21.169 +02:00 [INF] Executing ViewResult, running view Index.
2025-10-21 03:20:21.228 +02:00 [INF] Executed ViewResult - view Index executed in 56.259ms.
2025-10-21 03:20:21.229 +02:00 [INF] Executed action oblig.Controllers.HomeController.Index (oblig) in 65.0894ms
2025-10-21 03:20:21.229 +02:00 [INF] Executed endpoint 'oblig.Controllers.HomeController.Index (oblig)'
2025-10-21 03:20:21.230 +02:00 [INF] Request finished HTTP/1.1 GET http://localhost:5214/ - 200 null text/html; charset=utf-8 84.5588ms
2025-10-21 03:20:22.576 +02:00 [INF] Request starting HTTP/1.1 GET http://localhost:5214/Quizzes/Create - null null
2025-10-21 03:20:22.578 +02:00 [INF] Executing endpoint 'oblig.Controllers.QuizzesController.Create (oblig)'
2025-10-21 03:20:22.582 +02:00 [INF] Route matched with {action = "Create", controller = "Quizzes"}. Executing controller action with signature Microsoft.AspNetCore.Mvc.IActionResult Create() on controller oblig.Controllers.QuizzesController (oblig).
2025-10-21 03:20:22.584 +02:00 [INF] Executing ViewResult, running view Create.
2025-10-21 03:20:22.608 +02:00 [INF] Executed ViewResult - view Create executed in 24.4014ms.
2025-10-21 03:20:22.608 +02:00 [INF] Executed action oblig.Controllers.QuizzesController.Create (oblig) in 26.2693ms
2025-10-21 03:20:22.608 +02:00 [INF] Executed endpoint 'oblig.Controllers.QuizzesController.Create (oblig)'
2025-10-21 03:20:22.609 +02:00 [INF] Request finished HTTP/1.1 GET http://localhost:5214/Quizzes/Create - 200 null text/html; charset=utf-8 33.3507ms
2025-10-21 03:20:25.110 +02:00 [INF] Request starting HTTP/1.1 POST http://localhost:5214/Quizzes/Create - application/x-www-form-urlencoded 209
2025-10-21 03:20:25.115 +02:00 [INF] Executing endpoint 'oblig.Controllers.QuizzesController.Create (oblig)'
2025-10-21 03:20:25.128 +02:00 [INF] Route matched with {action = "Create", controller = "Quizzes"}. Executing controller action with signature System.Threading.Tasks.Task`1[Microsoft.AspNetCore.Mvc.IActionResult] Create(oblig.ViewModels.CreateQuizViewModel) on controller oblig.Controllers.QuizzesController (oblig).
2025-10-21 03:20:25.205 +02:00 [INF] Executed DbCommand (2ms) [Parameters=[@p0='?' (Size = 3), @p1='?' (Size = 4)], CommandType='"Text"', CommandTimeout='30']
INSERT INTO "Quizzes" ("Description", "Title")
VALUES (@p0, @p1)
RETURNING "Id";
2025-10-21 03:20:25.214 +02:00 [INF] Executing RedirectResult, redirecting to /Quizzes/AddQuestion?quizId=2.
2025-10-21 03:20:25.215 +02:00 [INF] Executed action oblig.Controllers.QuizzesController.Create (oblig) in 86.2049ms
2025-10-21 03:20:25.215 +02:00 [INF] Executed endpoint 'oblig.Controllers.QuizzesController.Create (oblig)'
2025-10-21 03:20:25.216 +02:00 [INF] Request finished HTTP/1.1 POST http://localhost:5214/Quizzes/Create - 302 0 null 106.0031ms
2025-10-21 03:20:25.221 +02:00 [INF] Request starting HTTP/1.1 GET http://localhost:5214/Quizzes/AddQuestion?quizId=2 - null null
2025-10-21 03:20:25.221 +02:00 [INF] Executing endpoint 'oblig.Controllers.QuizzesController.AddQuestion (oblig)'
2025-10-21 03:20:25.222 +02:00 [INF] Route matched with {action = "AddQuestion", controller = "Quizzes"}. Executing controller action with signature Microsoft.AspNetCore.Mvc.IActionResult AddQuestion(Int32) on controller oblig.Controllers.QuizzesController (oblig).
2025-10-21 03:20:25.224 +02:00 [INF] Executing ViewResult, running view AddQuestion.
2025-10-21 03:20:25.230 +02:00 [INF] Executed ViewResult - view AddQuestion executed in 6.0028ms.
2025-10-21 03:20:25.230 +02:00 [INF] Executed action oblig.Controllers.QuizzesController.AddQuestion (oblig) in 8.7678ms
2025-10-21 03:20:25.230 +02:00 [INF] Executed endpoint 'oblig.Controllers.QuizzesController.AddQuestion (oblig)'
2025-10-21 03:20:25.230 +02:00 [INF] Request finished HTTP/1.1 GET http://localhost:5214/Quizzes/AddQuestion?quizId=2 - 200 null text/html; charset=utf-8 9.892ms
2025-10-21 03:20:38.202 +02:00 [INF] Application is shutting down...
